                                                         
{'loss': 0.0248, 'grad_norm': 0.09681359678506851, 'learning_rate': 9.036517765736995e-11, 'epoch': 49.97}

100%|█████████▉| 241758/241900 [78:25:11<02:37,  1.11s/it][Stage2CapDataset] Error idx=66224: [Errno 2] No such file or directory: '/data/esh/HSENet/m3d_data/M3D-Cap/M3D_Cap/ct_case/ct_case_05/002068/Axial_non_contrast.npy'

100%|█████████▉| 241759/241900 [78:25:13<02:54,  1.24s/it]
100%|█████████▉| 241760/241900 [78:25:13<02:30,  1.08s/it]
100%|█████████▉| 241761/241900 [78:25:14<02:15,  1.03it/s][Stage2CapDataset] Error idx=37906: [Errno 2] No such file or directory: '/data/esh/HSENet/m3d_data/M3D-Cap/M3D_Cap/ct_case/ct_case_33/013419/Sagittal_C__portal_venous_phase.npy'

100%|█████████▉| 241762/241900 [78:25:15<02:03,  1.12it/s][Stage2CapDataset] Error idx=74518: [Errno 2] No such file or directory: '/data/esh/HSENet/m3d_data/M3D-Cap/M3D_Cap/ct_case/ct_case_01/000708/Axial_C__portal_venous_phase.npy'

100%|█████████▉| 241763/241900 [78:25:16<02:10,  1.05it/s]
100%|█████████▉| 241764/241900 [78:25:17<01:58,  1.14it/s]
100%|█████████▉| 241765/241900 [78:25:20<03:24,  1.51s/it]
100%|█████████▉| 241766/241900 [78:25:20<02:49,  1.26s/it][Stage2CapDataset] Error idx=49923: [Errno 2] No such file or directory: '/data/esh/HSENet/m3d_data/M3D-Cap/M3D_Cap/ct_case/ct_case_03/001223/Coronal_C__CTPA.npy'

100%|█████████▉| 241767/241900 [78:25:21<02:24,  1.09s/it]
100%|█████████▉| 241768/241900 [78:25:22<02:07,  1.03it/s]
100%|█████████▉| 241769/241900 [78:25:24<02:57,  1.36s/it]
100%|█████████▉| 241770/241900 [78:25:25<02:30,  1.16s/it]
100%|█████████▉| 241771/241900 [78:25:25<02:10,  1.02s/it]
100%|█████████▉| 241772/241900 [78:25:26<01:57,  1.09it/s]
100%|█████████▉| 241773/241900 [78:25:28<02:57,  1.40s/it]
100%|█████████▉| 241774/241900 [78:25:29<02:29,  1.19s/it]
100%|█████████▉| 241775/241900 [78:25:30<02:09,  1.03s/it]
100%|█████████▉| 241776/241900 [78:25:31<01:56,  1.07it/s]
100%|█████████▉| 241777/241900 [78:25:32<02:25,  1.19s/it]
100%|█████████▉| 241778/241900 [78:25:33<02:06,  1.03s/it]
100%|█████████▉| 241779/241900 [78:25:34<01:52,  1.07it/s]
100%|█████████▉| 241780/241900 [78:25:36<02:38,  1.32s/it]
100%|█████████▉| 241781/241900 [78:25:37<02:14,  1.13s/it]
100%|█████████▉| 241782/241900 [78:25:37<01:57,  1.00it/s]
100%|█████████▉| 241783/241900 [78:25:38<01:46,  1.10it/s][Stage2CapDataset] Error idx=13200: [Errno 2] No such file or directory: '/data/esh/HSENet/m3d_data/M3D-Cap/M3D_Cap/ct_case/ct_case_44/017739/Axial_C__portal_venous_phase.npy'

100%|█████████▉| 241784/241900 [78:25:40<02:17,  1.18s/it]
100%|█████████▉| 241785/241900 [78:25:41<01:59,  1.04s/it]
100%|█████████▉| 241786/241900 [78:25:41<01:46,  1.07it/s][Stage2CapDataset] Error idx=86765: [Errno 2] No such file or directory: '/data/esh/HSENet/m3d_data/M3D-Cap/M3D_Cap/ct_case/ct_case_05/002119/Axial_bone_window.npy'

100%|█████████▉| 241787/241900 [78:25:42<01:36,  1.17it/s][Stage2CapDataset] Error idx=44951: [Errno 2] No such file or directory: '/data/esh/HSENet/m3d_data/M3D-Cap/M3D_Cap/ct_case/ct_case_11/004713/Axial_C__portal_venous_phase.npy'

100%|█████████▉| 241788/241900 [78:25:45<02:48,  1.50s/it][Stage2CapDataset] Error idx=91980: [Errno 2] No such file or directory: '/data/esh/HSENet/m3d_data/M3D-Cap/M3D_Cap/ct_case/ct_case_16/006414/Coronal_lung_window.npy'
[Stage2CapDataset] Error idx=33917: [Errno 2] No such file or directory: '/data/esh/HSENet/m3d_data/M3D-Cap/M3D_Cap/ct_case/ct_case_58/023403/Axial_C__portal_venous_phase.npy'

100%|█████████▉| 241789/241900 [78:25:47<03:18,  1.79s/it]
100%|█████████▉| 241790/241900 [78:25:48<02:40,  1.46s/it]
100%|█████████▉| 241791/241900 [78:25:49<02:13,  1.23s/it][Stage2CapDataset] Error idx=115386: [Errno 2] No such file or directory: '/data/esh/HSENet/m3d_data/M3D-Cap/M3D_Cap/ct_case/ct_case_05/002199/Axial_C__delayed.npy'

100%|█████████▉| 241792/241900 [78:25:49<01:55,  1.06s/it][Stage2CapDataset] Error idx=71329: [Errno 2] No such file or directory: '/data/esh/HSENet/m3d_data/M3D-Cap/M3D_Cap/ct_case/ct_case_04/001745/Coronal_C__arterial_phase.npy'

100%|█████████▉| 241793/241900 [78:25:51<02:05,  1.18s/it]
100%|█████████▉| 241794/241900 [78:25:52<01:48,  1.03s/it]
100%|█████████▉| 241795/241900 [78:25:52<01:37,  1.08it/s]
100%|█████████▉| 241796/241900 [78:25:53<01:32,  1.12it/s][Stage2CapDataset] Error idx=35462: [Errno 2] No such file or directory: '/data/esh/HSENet/m3d_data/M3D-Cap/M3D_Cap/ct_case/ct_case_20/008344/Axial_non_contrast.npy'

100%|█████████▉| 241797/241900 [78:25:54<01:25,  1.20it/s]
100%|█████████▉| 241798/241900 [78:25:54<01:20,  1.27it/s]
100%|█████████▉| 241799/241900 [78:25:55<01:22,  1.22it/s][Stage2CapDataset] Error idx=62215: [Errno 2] No such file or directory: '/data/esh/HSENet/m3d_data/M3D-Cap/M3D_Cap/ct_quizze/ct_quizze_27/010970/Axial_non_contrast.npy'

100%|█████████▉| 241800/241900 [78:25:57<01:43,  1.04s/it][Stage2CapDataset] Error idx=56065: [Errno 2] No such file or directory: '/data/esh/HSENet/m3d_data/M3D-Cap/M3D_Cap/ct_case/ct_case_05/002199/Axial_C__arterial_phase.npy'

100%|█████████▉| 241801/241900 [78:25:59<02:09,  1.31s/it]
100%|█████████▉| 241802/241900 [78:25:59<01:49,  1.12s/it]
100%|█████████▉| 241803/241900 [78:26:00<01:44,  1.08s/it]
100%|█████████▉| 241804/241900 [78:26:01<01:32,  1.04it/s]
100%|█████████▉| 241805/241900 [78:26:03<01:57,  1.24s/it]
100%|█████████▉| 241806/241900 [78:26:04<01:41,  1.07s/it][Stage2CapDataset] Error idx=81646: [Errno 2] No such file or directory: '/data/esh/HSENet/m3d_data/M3D-Cap/M3D_Cap/ct_case/ct_case_61/024608/Axial_C__delayed.npy'

100%|█████████▉| 241807/241900 [78:26:07<02:27,  1.59s/it]
100%|█████████▉| 241808/241900 [78:26:07<02:01,  1.32s/it][Stage2CapDataset] Error idx=4780: [Errno 2] No such file or directory: '/data/esh/HSENet/m3d_data/M3D-Cap/M3D_Cap/ct_case/ct_case_04/001830/Axial_lung_window.npy'

100%|█████████▉| 241809/241900 [78:26:08<01:55,  1.27s/it]
100%|█████████▉| 241810/241900 [78:26:09<01:38,  1.10s/it][Stage2CapDataset] Error idx=1571: [Errno 2] No such file or directory: '/data/esh/HSENet/m3d_data/M3D-Cap/M3D_Cap/ct_case/ct_case_58/023384/Coronal_bone_window.npy'
[Stage2CapDataset] Error idx=35749: [Errno 2] No such file or directory: '/data/esh/HSENet/m3d_data/M3D-Cap/M3D_Cap/ct_case/ct_case_15/006041/Axial_C__portal_venous_phase.npy'

100%|█████████▉| 241811/241900 [78:26:11<02:10,  1.47s/it]
100%|█████████▉| 241812/241900 [78:26:12<01:48,  1.24s/it]
100%|█████████▉| 241813/241900 [78:26:14<01:57,  1.35s/it]
100%|█████████▉| 241814/241900 [78:26:14<01:39,  1.16s/it]
100%|█████████▉| 241815/241900 [78:26:18<02:27,  1.74s/it]
100%|█████████▉| 241816/241900 [78:26:18<02:00,  1.43s/it]
100%|█████████▉| 241817/241900 [78:26:19<01:42,  1.23s/it]
100%|█████████▉| 241818/241900 [78:26:20<01:27,  1.07s/it]
100%|█████████▉| 241819/241900 [78:26:20<01:17,  1.05it/s]
100%|█████████▉| 241820/241900 [78:26:21<01:10,  1.14it/s]
100%|█████████▉| 241821/241900 [78:26:22<01:22,  1.04s/it]
100%|█████████▉| 241822/241900 [78:26:23<01:12,  1.07it/s][Stage2CapDataset] Error idx=104509: [Errno 2] No such file or directory: '/data/esh/HSENet/m3d_data/M3D-Cap/M3D_Cap/ct_case/ct_case_02/001045/Coronal_C__arterial_phase.npy'

100%|█████████▉| 241823/241900 [78:26:25<01:27,  1.14s/it]
100%|█████████▉| 241824/241900 [78:26:25<01:16,  1.00s/it]
100%|█████████▉| 241825/241900 [78:26:27<01:30,  1.21s/it]
100%|█████████▉| 241826/241900 [78:26:28<01:24,  1.14s/it][Stage2CapDataset] Error idx=37885: [Errno 2] No such file or directory: '/data/esh/HSENet/m3d_data/M3D-Cap/M3D_Cap/ct_case/ct_case_02/000893/Axial_C__portal_venous_phase.npy'

100%|█████████▉| 241827/241900 [78:26:30<01:35,  1.30s/it][Stage2CapDataset] Error idx=99018: [Errno 2] No such file or directory: '/data/esh/HSENet/m3d_data/M3D-Cap/M3D_Cap/ct_case/ct_case_03/001527/Axial_lung_window.npy'

100%|█████████▉| 241828/241900 [78:26:31<01:36,  1.34s/it][Stage2CapDataset] Error idx=55669: [Errno 2] No such file or directory: '/data/esh/HSENet/m3d_data/M3D-Cap/M3D_Cap/ct_case/ct_case_61/024602/Axial_C__CTPA.npy'

100%|█████████▉| 241829/241900 [78:26:33<01:39,  1.40s/it]
100%|█████████▉| 241830/241900 [78:26:33<01:22,  1.18s/it]
100%|█████████▉| 241831/241900 [78:26:34<01:11,  1.04s/it]
100%|█████████▉| 241832/241900 [78:26:35<01:06,  1.02it/s][Stage2CapDataset] Error idx=5059: [Errno 2] No such file or directory: '/data/esh/HSENet/m3d_data/M3D-Cap/M3D_Cap/ct_quizze/ct_quizze_36/014551/Axial_lung_window.npy'

100%|█████████▉| 241833/241900 [78:26:39<02:09,  1.94s/it][Stage2CapDataset] Error idx=78501: [Errno 2] No such file or directory: '/data/esh/HSENet/m3d_data/M3D-Cap/M3D_Cap/ct_quizze/ct_quizze_24/009606/Axial_C__arterial_phase.npy'

100%|█████████▉| 241834/241900 [78:26:40<01:43,  1.57s/it][Stage2CapDataset] Error idx=89899: [Errno 2] No such file or directory: '/data/esh/HSENet/m3d_data/M3D-Cap/M3D_Cap/ct_case/ct_case_58/023283/Axial_non_contrast.npy'

100%|█████████▉| 241835/241900 [78:26:41<01:24,  1.30s/it]
100%|█████████▉| 241836/241900 [78:26:41<01:11,  1.12s/it]
100%|█████████▉| 241837/241900 [78:26:42<01:02,  1.01it/s]
100%|█████████▉| 241838/241900 [78:26:43<00:55,  1.11it/s]
100%|█████████▉| 241839/241900 [78:26:43<00:51,  1.19it/s]
100%|█████████▉| 241840/241900 [78:26:44<00:47,  1.26it/s]
100%|█████████▉| 241841/241900 [78:26:45<00:49,  1.19it/s]
100%|█████████▉| 241842/241900 [78:26:47<01:06,  1.15s/it]
100%|█████████▉| 241843/241900 [78:26:48<00:57,  1.01s/it]
100%|█████████▉| 241844/241900 [78:26:48<00:51,  1.09it/s][Stage2CapDataset] Error idx=47854: [Errno 2] No such file or directory: '/data/esh/HSENet/m3d_data/M3D-Cap/M3D_Cap/ct_case/ct_case_58/023210/Axial_non_contrast.npy'

100%|█████████▉| 241845/241900 [78:26:49<00:56,  1.02s/it][Stage2CapDataset] Error idx=48396: [Errno 2] No such file or directory: '/data/esh/HSENet/m3d_data/M3D-Cap/M3D_Cap/ct_case/ct_case_05/002035/Axial_C__portal_venous_phase.npy'

100%|█████████▉| 241846/241900 [78:26:51<01:03,  1.17s/it]
100%|█████████▉| 241847/241900 [78:26:52<00:54,  1.03s/it]
100%|█████████▉| 241848/241900 [78:26:53<00:55,  1.08s/it]
100%|█████████▉| 241849/241900 [78:26:56<01:20,  1.58s/it]
100%|█████████▉| 241850/241900 [78:26:57<01:17,  1.54s/it]
100%|█████████▉| 241851/241900 [78:26:58<01:02,  1.29s/it]
100%|█████████▉| 241852/241900 [78:26:58<00:53,  1.11s/it]
100%|█████████▉| 241853/241900 [78:27:00<00:59,  1.27s/it]
100%|█████████▉| 241854/241900 [78:27:03<01:16,  1.67s/it]
100%|█████████▉| 241855/241900 [78:27:03<01:01,  1.37s/it]
100%|█████████▉| 241856/241900 [78:27:04<00:51,  1.17s/it]
100%|█████████▉| 241857/241900 [78:27:05<00:44,  1.03s/it][Stage2CapDataset] Error idx=66952: [Errno 2] No such file or directory: '/data/esh/HSENet/m3d_data/M3D-Cap/M3D_Cap/ct_case/ct_case_08/003394/Axial_Portal_venous_phase_(MonoE).npy'

100%|█████████▉| 241858/241900 [78:27:09<01:22,  1.96s/it][Stage2CapDataset] Error idx=93293: [Errno 2] No such file or directory: '/data/esh/HSENet/m3d_data/M3D-Cap/M3D_Cap/ct_case/ct_case_24/009792/Sagittal_C__portal_venous_phase.npy'

100%|█████████▉| 241859/241900 [78:27:10<01:05,  1.59s/it]
100%|█████████▉| 241860/241900 [78:27:10<00:52,  1.32s/it]
100%|█████████▉| 241861/241900 [78:27:11<00:44,  1.13s/it]
100%|█████████▉| 241862/241900 [78:27:12<00:40,  1.07s/it]
100%|█████████▉| 241863/241900 [78:27:13<00:35,  1.04it/s]
100%|█████████▉| 241864/241900 [78:27:13<00:31,  1.14it/s][Stage2CapDataset] Error idx=24461: [Errno 2] No such file or directory: '/data/esh/HSENet/m3d_data/M3D-Cap/M3D_Cap/ct_quizze/ct_quizze_35/014116/Coronal_bone_window.npy'
[Stage2CapDataset] Error idx=44009: [Errno 2] No such file or directory: '/data/esh/HSENet/m3d_data/M3D-Cap/M3D_Cap/ct_quizze/ct_quizze_43/017326/Sagittal_C__arterial_phase.npy'

100%|█████████▉| 241865/241900 [78:27:14<00:28,  1.22it/s]
100%|█████████▉| 241866/241900 [78:27:16<00:35,  1.03s/it]
100%|█████████▉| 241867/241900 [78:27:16<00:30,  1.08it/s]
100%|█████████▉| 241868/241900 [78:27:17<00:27,  1.16it/s][Stage2CapDataset] Error idx=69621: [Errno 2] No such file or directory: '/data/esh/HSENet/m3d_data/M3D-Cap/M3D_Cap/ct_case/ct_case_43/017439/Axial_C__arterial_(thin_1_mm_cuts).npy'

100%|█████████▉| 241869/241900 [78:27:20<00:43,  1.42s/it][Stage2CapDataset] Error idx=44958: [Errno 2] No such file or directory: '/data/esh/HSENet/m3d_data/M3D-Cap/M3D_Cap/ct_case/ct_case_61/024493/Axial_bone_window.npy'

100%|█████████▉| 241870/241900 [78:27:21<00:39,  1.30s/it]
100%|█████████▉| 241871/241900 [78:27:22<00:35,  1.23s/it]
100%|█████████▉| 241872/241900 [78:27:22<00:29,  1.07s/it]
100%|█████████▉| 241873/241900 [78:27:23<00:25,  1.05it/s]
100%|█████████▉| 241874/241900 [78:27:25<00:29,  1.13s/it]
100%|█████████▉| 241875/241900 [78:27:26<00:26,  1.05s/it][Stage2CapDataset] Error idx=103831: [Errno 2] No such file or directory: '/data/esh/HSENet/m3d_data/M3D-Cap/M3D_Cap/ct_case/ct_case_00/000303/Axial_non_contrast.npy'

100%|█████████▉| 241876/241900 [78:27:29<00:43,  1.81s/it]
100%|█████████▉| 241877/241900 [78:27:30<00:33,  1.47s/it]
100%|█████████▉| 241878/241900 [78:27:30<00:27,  1.24s/it]
100%|█████████▉| 241879/241900 [78:27:31<00:22,  1.07s/it]
100%|█████████▉| 241880/241900 [78:27:32<00:21,  1.10s/it]
100%|█████████▉| 241881/241900 [78:27:33<00:18,  1.03it/s]
100%|█████████▉| 241882/241900 [78:27:34<00:15,  1.13it/s][Stage2CapDataset] Error idx=15924: [Errno 2] No such file or directory: '/data/esh/HSENet/m3d_data/M3D-Cap/M3D_Cap/ct_case/ct_case_05/002125/Axial_C__delayed.npy'

100%|█████████▉| 241883/241900 [78:27:34<00:14,  1.20it/s]
100%|█████████▉| 241884/241900 [78:27:37<00:22,  1.42s/it][Stage2CapDataset] Error idx=34822: [Errno 2] No such file or directory: '/data/esh/HSENet/m3d_data/M3D-Cap/M3D_Cap/ct_case/ct_case_61/024438/Axial_C__portal_venous_phase.npy'

100%|█████████▉| 241885/241900 [78:27:38<00:18,  1.20s/it]
100%|█████████▉| 241886/241900 [78:27:39<00:16,  1.16s/it]
100%|█████████▉| 241887/241900 [78:27:40<00:13,  1.02s/it]
100%|█████████▉| 241888/241900 [78:27:41<00:11,  1.02it/s]
100%|█████████▉| 241889/241900 [78:27:41<00:09,  1.12it/s][Stage2CapDataset] Error idx=89409: [Errno 2] No such file or directory: '/data/esh/HSENet/m3d_data/M3D-Cap/M3D_Cap/ct_case/ct_case_05/002006/Axial_C__portal_venous_phase.npy'

100%|█████████▉| 241890/241900 [78:27:44<00:15,  1.59s/it]
100%|█████████▉| 241891/241900 [78:27:45<00:11,  1.32s/it]
100%|█████████▉| 241892/241900 [78:27:46<00:09,  1.13s/it]
100%|█████████▉| 241893/241900 [78:27:47<00:06,  1.00it/s]
100%|█████████▉| 241894/241900 [78:27:48<00:06,  1.12s/it]
100%|█████████▉| 241895/241900 [78:27:49<00:04,  1.01it/s]
100%|█████████▉| 241896/241900 [78:27:49<00:03,  1.05it/s]
100%|█████████▉| 241897/241900 [78:27:50<00:02,  1.16it/s]
100%|█████████▉| 241898/241900 [78:27:51<00:01,  1.24it/s]
100%|█████████▉| 241899/241900 [78:27:51<00:00,  1.30it/s]
100%|██████████| 241900/241900 [78:27:53<00:00,  1.16it/s][Stage2CapDataset] Error idx=131: [Errno 2] No such file or directory: '/data/esh/HSENet/m3d_data/M3D-Cap/M3D_Cap/ct_quizze/ct_quizze_06/002406/Axial_non_contrast.npy'


  0%|          | 0/16 [00:00<?, ?it/s][A

 12%|█▎        | 2/16 [00:01<00:09,  1.51it/s][A

 19%|█▉        | 3/16 [00:02<00:12,  1.06it/s][A[Stage2CapDataset] Error idx=543: [Errno 2] No such file or directory: '/data/esh/HSENet/m3d_data/M3D-Cap/M3D_Cap/ct_quizze/ct_quizze_13/005206/Axial_C__arterial_phase.npy'


 25%|██▌       | 4/16 [00:41<02:59, 14.93s/it][A

 31%|███▏      | 5/16 [00:42<01:52, 10.22s/it][A[Stage2CapDataset] Error idx=1893: [Errno 2] No such file or directory: '/data/esh/HSENet/m3d_data/M3D-Cap/M3D_Cap/ct_quizze/ct_quizze_09/003606/Axial_C__portal_venous_phase.npy'


 38%|███▊      | 6/16 [00:46<01:22,  8.27s/it][A

 44%|████▍     | 7/16 [00:48<00:54,  6.03s/it][A[Stage2CapDataset] Error idx=1228: [Errno 2] No such file or directory: '/data/esh/HSENet/m3d_data/M3D-Cap/M3D_Cap/ct_quizze/ct_quizze_03/001206/Axial_C__portal_venous_phase.npy'


 50%|█████     | 8/16 [01:02<01:09,  8.71s/it][A

 56%|█████▋    | 9/16 [01:04<00:45,  6.45s/it][A

 62%|██████▎   | 10/16 [01:36<01:26, 14.47s/it][A

 69%|██████▉   | 11/16 [01:37<00:52, 10.46s/it][A

 75%|███████▌  | 12/16 [01:39<00:30,  7.69s/it][A

 81%|████████▏ | 13/16 [01:40<00:17,  5.76s/it][A

 88%|████████▊ | 14/16 [01:41<00:08,  4.42s/it][A

 94%|█████████▍| 15/16 [01:43<00:03,  3.49s/it][A

100%|██████████| 16/16 [01:44<00:00,  2.84s/it][A
                                                          

                                               
[A{'eval_loss': 0.31543684005737305, 'eval_accuracy': 0.9571891191709845, 'eval_runtime': 140.7406, 'eval_samples_per_second': 14.211, 'eval_steps_per_second': 0.114, 'epoch': 50.0}

100%|██████████| 241900/241900 [78:30:13<00:00,  1.16it/s]

100%|██████████| 16/16 [01:44<00:00,  2.84s/it][A

                                               [A
                                                          
{'train_runtime': 282618.9096, 'train_samples_per_second': 20.539, 'train_steps_per_second': 0.856, 'train_loss': 0.16446662769183584, 'epoch': 50.0}

100%|██████████| 241900/241900 [78:30:18<00:00,  1.16it/s]
100%|██████████| 241900/241900 [78:30:18<00:00,  1.17s/it]
Training finished.
Training finished.
Training finished.
Training finished.
Training finished.
Training finished.
Training finished.
Training finished.
