99%|█████████▊| 14310/14512 [2:30:00<02:02,  1.64it/s]
                                                       
{'loss': 2.4505, 'grad_norm': 0.6736446619033813, 'learning_rate': 5.0805463111547327e-08, 'epoch': 0.99}

 99%|█████████▊| 14310/14512 [2:30:00<02:02,  1.64it/s]
 99%|█████████▊| 14311/14512 [2:30:00<02:01,  1.66it/s]
 99%|█████████▊| 14312/14512 [2:30:01<02:08,  1.56it/s]
 99%|█████████▊| 14313/14512 [2:30:02<02:13,  1.49it/s]
 99%|█████████▊| 14314/14512 [2:30:02<02:07,  1.55it/s]
 99%|█████████▊| 14315/14512 [2:30:03<02:03,  1.59it/s]
 99%|█████████▊| 14316/14512 [2:30:04<02:09,  1.51it/s]
 99%|█████████▊| 14317/14512 [2:30:04<02:04,  1.57it/s]
 99%|█████████▊| 14318/14512 [2:30:05<02:01,  1.60it/s]
 99%|█████████▊| 14319/14512 [2:30:05<01:59,  1.62it/s]
 99%|█████████▊| 14320/14512 [2:30:06<01:57,  1.64it/s]
 99%|█████████▊| 14321/14512 [2:30:07<01:55,  1.65it/s]
 99%|█████████▊| 14322/14512 [2:30:07<01:54,  1.66it/s]
 99%|█████████▊| 14323/14512 [2:30:08<02:02,  1.54it/s]
 99%|█████████▊| 14324/14512 [2:30:09<01:59,  1.57it/s]
 99%|█████████▊| 14325/14512 [2:30:09<01:56,  1.60it/s]
                                                       
{'loss': 2.4564, 'grad_norm': 1.092369556427002, 'learning_rate': 4.3541301679089765e-08, 'epoch': 0.99}

 99%|█████████▊| 14325/14512 [2:30:09<01:56,  1.60it/s]
 99%|█████████▊| 14326/14512 [2:30:10<01:54,  1.62it/s]
 99%|█████████▊| 14327/14512 [2:30:10<01:52,  1.64it/s]
 99%|█████████▊| 14328/14512 [2:30:11<01:50,  1.66it/s]
 99%|█████████▊| 14329/14512 [2:30:12<01:50,  1.66it/s]
 99%|█████████▊| 14330/14512 [2:30:12<01:57,  1.55it/s]
 99%|█████████▉| 14331/14512 [2:30:13<01:53,  1.59it/s]
 99%|█████████▉| 14332/14512 [2:30:13<01:51,  1.61it/s]
 99%|█████████▉| 14333/14512 [2:30:14<01:50,  1.62it/s]
 99%|█████████▉| 14334/14512 [2:30:15<01:49,  1.63it/s]
 99%|█████████▉| 14335/14512 [2:30:15<01:58,  1.49it/s]
 99%|█████████▉| 14336/14512 [2:30:16<01:53,  1.56it/s]
 99%|█████████▉| 14337/14512 [2:30:17<01:49,  1.60it/s]
 99%|█████████▉| 14338/14512 [2:30:17<01:46,  1.63it/s]
 99%|█████████▉| 14339/14512 [2:30:18<01:45,  1.64it/s]
 99%|█████████▉| 14340/14512 [2:30:18<01:43,  1.66it/s]
                                                       
{'loss': 2.4222, 'grad_norm': 0.8271753787994385, 'learning_rate': 3.683704607223004e-08, 'epoch': 0.99}

 99%|█████████▉| 14340/14512 [2:30:18<01:43,  1.66it/s]
 99%|█████████▉| 14341/14512 [2:30:19<01:43,  1.65it/s]
 99%|█████████▉| 14342/14512 [2:30:20<01:42,  1.65it/s]
 99%|█████████▉| 14343/14512 [2:30:20<01:48,  1.55it/s]
 99%|█████████▉| 14344/14512 [2:30:21<01:45,  1.60it/s]
 99%|█████████▉| 14345/14512 [2:30:22<01:42,  1.63it/s]
 99%|█████████▉| 14346/14512 [2:30:22<01:41,  1.64it/s]
 99%|█████████▉| 14347/14512 [2:30:23<01:39,  1.66it/s]
 99%|█████████▉| 14348/14512 [2:30:23<01:38,  1.66it/s]
 99%|█████████▉| 14349/14512 [2:30:24<01:38,  1.66it/s]
 99%|█████████▉| 14350/14512 [2:30:25<01:44,  1.56it/s]
 99%|█████████▉| 14351/14512 [2:30:25<01:40,  1.60it/s]
 99%|█████████▉| 14352/14512 [2:30:26<01:38,  1.63it/s]
 99%|█████████▉| 14353/14512 [2:30:27<01:43,  1.53it/s]
 99%|█████████▉| 14354/14512 [2:30:27<01:39,  1.58it/s]
 99%|█████████▉| 14355/14512 [2:30:28<01:44,  1.50it/s]
                                                       
{'loss': 2.3848, 'grad_norm': 0.6335349678993225, 'learning_rate': 3.069277143142868e-08, 'epoch': 0.99}

 99%|█████████▉| 14355/14512 [2:30:28<01:44,  1.50it/s]
 99%|█████████▉| 14356/14512 [2:30:28<01:39,  1.56it/s]
 99%|█████████▉| 14357/14512 [2:30:29<01:37,  1.59it/s]
 99%|█████████▉| 14358/14512 [2:30:30<01:35,  1.61it/s]
 99%|█████████▉| 14359/14512 [2:30:30<01:34,  1.62it/s]
 99%|█████████▉| 14360/14512 [2:30:31<01:33,  1.63it/s]
 99%|█████████▉| 14361/14512 [2:30:32<01:38,  1.53it/s]
 99%|█████████▉| 14362/14512 [2:30:32<01:35,  1.57it/s]
 99%|█████████▉| 14363/14512 [2:30:33<01:32,  1.61it/s]
 99%|█████████▉| 14364/14512 [2:30:33<01:31,  1.63it/s]
 99%|█████████▉| 14365/14512 [2:30:34<01:29,  1.64it/s]
 99%|█████████▉| 14366/14512 [2:30:35<01:35,  1.53it/s]
 99%|█████████▉| 14367/14512 [2:30:35<01:32,  1.57it/s]
 99%|█████████▉| 14368/14512 [2:30:36<01:29,  1.61it/s]
 99%|█████████▉| 14369/14512 [2:30:37<01:34,  1.52it/s]
 99%|█████████▉| 14370/14512 [2:30:37<01:30,  1.57it/s]
                                                       
{'loss': 2.4856, 'grad_norm': 0.6807608008384705, 'learning_rate': 2.5108546620961072e-08, 'epoch': 0.99}

 99%|█████████▉| 14370/14512 [2:30:37<01:30,  1.57it/s]
 99%|█████████▉| 14371/14512 [2:30:38<01:28,  1.60it/s]
 99%|█████████▉| 14372/14512 [2:30:38<01:26,  1.62it/s]
 99%|█████████▉| 14373/14512 [2:30:39<01:31,  1.52it/s]
 99%|█████████▉| 14374/14512 [2:30:40<01:27,  1.58it/s]
 99%|█████████▉| 14375/14512 [2:30:40<01:25,  1.60it/s]
 99%|█████████▉| 14376/14512 [2:30:41<01:23,  1.62it/s]
 99%|█████████▉| 14377/14512 [2:30:42<01:22,  1.64it/s]
 99%|█████████▉| 14378/14512 [2:30:42<01:20,  1.66it/s]
 99%|█████████▉| 14379/14512 [2:30:43<01:25,  1.56it/s]
 99%|█████████▉| 14380/14512 [2:30:44<01:22,  1.59it/s]
 99%|█████████▉| 14381/14512 [2:30:44<01:20,  1.62it/s]
 99%|█████████▉| 14382/14512 [2:30:45<01:19,  1.63it/s]
 99%|█████████▉| 14383/14512 [2:30:45<01:18,  1.65it/s]
 99%|█████████▉| 14384/14512 [2:30:46<01:17,  1.66it/s]
 99%|█████████▉| 14385/14512 [2:30:47<01:16,  1.66it/s]
                                                       
{'loss': 2.3601, 'grad_norm': 0.5901763439178467, 'learning_rate': 2.0084434228123673e-08, 'epoch': 0.99}

 99%|█████████▉| 14385/14512 [2:30:47<01:16,  1.66it/s]
 99%|█████████▉| 14386/14512 [2:30:47<01:15,  1.66it/s]
 99%|█████████▉| 14387/14512 [2:30:48<01:20,  1.55it/s]
 99%|█████████▉| 14388/14512 [2:30:48<01:17,  1.60it/s]
 99%|█████████▉| 14389/14512 [2:30:49<01:16,  1.62it/s]
 99%|█████████▉| 14390/14512 [2:30:50<01:19,  1.53it/s]
 99%|█████████▉| 14391/14512 [2:30:50<01:16,  1.57it/s]
 99%|█████████▉| 14392/14512 [2:30:51<01:14,  1.61it/s]
 99%|█████████▉| 14393/14512 [2:30:52<01:18,  1.52it/s]
 99%|█████████▉| 14394/14512 [2:30:52<01:14,  1.58it/s]
 99%|█████████▉| 14395/14512 [2:30:53<01:12,  1.61it/s]
 99%|█████████▉| 14396/14512 [2:30:53<01:11,  1.63it/s]
 99%|█████████▉| 14397/14512 [2:30:54<01:10,  1.63it/s]
 99%|█████████▉| 14398/14512 [2:30:55<01:14,  1.53it/s]
 99%|█████████▉| 14399/14512 [2:30:55<01:12,  1.57it/s]
 99%|█████████▉| 14400/14512 [2:30:56<01:10,  1.60it/s]
                                                       
{'loss': 2.3388, 'grad_norm': 0.9463772773742676, 'learning_rate': 1.5620490562556767e-08, 'epoch': 0.99}

 99%|█████████▉| 14400/14512 [2:30:56<01:10,  1.60it/s]
 99%|█████████▉| 14401/14512 [2:30:57<01:08,  1.62it/s]
 99%|█████████▉| 14402/14512 [2:30:57<01:07,  1.64it/s]
 99%|█████████▉| 14403/14512 [2:30:58<01:06,  1.65it/s]
 99%|█████████▉| 14404/14512 [2:30:59<01:10,  1.53it/s]
 99%|█████████▉| 14405/14512 [2:30:59<01:07,  1.58it/s]
 99%|█████████▉| 14406/14512 [2:31:00<01:06,  1.60it/s]
 99%|█████████▉| 14407/14512 [2:31:01<01:08,  1.52it/s]
 99%|█████████▉| 14408/14512 [2:31:01<01:05,  1.58it/s]
 99%|█████████▉| 14409/14512 [2:31:02<01:03,  1.61it/s]
 99%|█████████▉| 14410/14512 [2:31:02<01:02,  1.63it/s]
 99%|█████████▉| 14411/14512 [2:31:03<01:05,  1.53it/s]
 99%|█████████▉| 14412/14512 [2:31:04<01:03,  1.59it/s]
 99%|█████████▉| 14413/14512 [2:31:04<01:01,  1.61it/s]
 99%|█████████▉| 14414/14512 [2:31:05<01:00,  1.63it/s]
 99%|█████████▉| 14415/14512 [2:31:05<00:58,  1.65it/s]
                                                       
{'loss': 2.4216, 'grad_norm': 0.9262272715568542, 'learning_rate': 1.1716765655589435e-08, 'epoch': 0.99}

 99%|█████████▉| 14415/14512 [2:31:05<00:58,  1.65it/s]
 99%|█████████▉| 14416/14512 [2:31:06<00:57,  1.66it/s]
 99%|█████████▉| 14417/14512 [2:31:07<00:57,  1.66it/s]
 99%|█████████▉| 14418/14512 [2:31:07<01:00,  1.56it/s]
 99%|█████████▉| 14419/14512 [2:31:08<00:58,  1.60it/s]
 99%|█████████▉| 14420/14512 [2:31:08<00:56,  1.62it/s]
 99%|█████████▉| 14421/14512 [2:31:09<00:55,  1.64it/s]
 99%|█████████▉| 14422/14512 [2:31:10<00:54,  1.65it/s]
 99%|█████████▉| 14423/14512 [2:31:10<00:53,  1.66it/s]
 99%|█████████▉| 14424/14512 [2:31:11<00:53,  1.65it/s]
 99%|█████████▉| 14425/14512 [2:31:11<00:52,  1.66it/s]
 99%|█████████▉| 14426/14512 [2:31:12<00:55,  1.55it/s]
 99%|█████████▉| 14427/14512 [2:31:13<00:53,  1.59it/s]
 99%|█████████▉| 14428/14512 [2:31:14<00:55,  1.51it/s]
 99%|█████████▉| 14429/14512 [2:31:14<00:53,  1.56it/s]
 99%|█████████▉| 14430/14512 [2:31:15<00:55,  1.49it/s]
                                                       
{'loss': 2.3761, 'grad_norm': 0.8408197164535522, 'learning_rate': 8.373303259678888e-09, 'epoch': 0.99}

 99%|█████████▉| 14430/14512 [2:31:15<00:55,  1.49it/s]
 99%|█████████▉| 14431/14512 [2:31:15<00:52,  1.55it/s]
 99%|█████████▉| 14432/14512 [2:31:16<00:50,  1.59it/s]
 99%|█████████▉| 14433/14512 [2:31:17<00:49,  1.59it/s]
 99%|█████████▉| 14434/14512 [2:31:17<00:47,  1.63it/s]
 99%|█████████▉| 14435/14512 [2:31:18<00:50,  1.53it/s]
 99%|█████████▉| 14436/14512 [2:31:19<00:48,  1.57it/s]
 99%|█████████▉| 14437/14512 [2:31:19<00:46,  1.60it/s]
 99%|█████████▉| 14438/14512 [2:31:20<00:45,  1.62it/s]
 99%|█████████▉| 14439/14512 [2:31:20<00:44,  1.64it/s]
100%|█████████▉| 14440/14512 [2:31:21<00:43,  1.65it/s]
100%|█████████▉| 14441/14512 [2:31:22<00:42,  1.66it/s]
100%|█████████▉| 14442/14512 [2:31:22<00:41,  1.67it/s]
100%|█████████▉| 14443/14512 [2:31:23<00:44,  1.54it/s]
100%|█████████▉| 14444/14512 [2:31:24<00:46,  1.48it/s]
100%|█████████▉| 14445/14512 [2:31:24<00:43,  1.54it/s]
                                                       
{'loss': 2.3972, 'grad_norm': 0.6519144177436829, 'learning_rate': 5.590140847955283e-09, 'epoch': 1.0}

100%|█████████▉| 14445/14512 [2:31:24<00:43,  1.54it/s]
100%|█████████▉| 14446/14512 [2:31:25<00:41,  1.58it/s]
100%|█████████▉| 14447/14512 [2:31:25<00:40,  1.61it/s]
100%|█████████▉| 14448/14512 [2:31:26<00:39,  1.63it/s]
100%|█████████▉| 14449/14512 [2:31:27<00:38,  1.64it/s]
100%|█████████▉| 14450/14512 [2:31:27<00:37,  1.65it/s]
100%|█████████▉| 14451/14512 [2:31:28<00:39,  1.55it/s]
100%|█████████▉| 14452/14512 [2:31:29<00:37,  1.60it/s]
100%|█████████▉| 14453/14512 [2:31:29<00:36,  1.62it/s]
100%|█████████▉| 14454/14512 [2:31:30<00:37,  1.53it/s]
100%|█████████▉| 14455/14512 [2:31:31<00:36,  1.57it/s]
100%|█████████▉| 14456/14512 [2:31:31<00:35,  1.60it/s]
100%|█████████▉| 14457/14512 [2:31:32<00:33,  1.62it/s]
100%|█████████▉| 14458/14512 [2:31:32<00:33,  1.64it/s]
100%|█████████▉| 14459/14512 [2:31:33<00:32,  1.65it/s]
100%|█████████▉| 14460/14512 [2:31:34<00:31,  1.66it/s]
                                                       
{'loss': 2.3598, 'grad_norm': 0.6571395993232727, 'learning_rate': 3.3673096137443184e-09, 'epoch': 1.0}

100%|█████████▉| 14460/14512 [2:31:34<00:31,  1.66it/s]
100%|█████████▉| 14461/14512 [2:31:34<00:30,  1.66it/s]
100%|█████████▉| 14462/14512 [2:31:35<00:30,  1.67it/s]
100%|█████████▉| 14463/14512 [2:31:35<00:31,  1.56it/s]
100%|█████████▉| 14464/14512 [2:31:36<00:30,  1.60it/s]
100%|█████████▉| 14465/14512 [2:31:37<00:30,  1.52it/s]
100%|█████████▉| 14466/14512 [2:31:37<00:29,  1.58it/s]
100%|█████████▉| 14467/14512 [2:31:38<00:27,  1.61it/s]
100%|█████████▉| 14468/14512 [2:31:39<00:28,  1.53it/s]
100%|█████████▉| 14469/14512 [2:31:39<00:27,  1.57it/s]
100%|█████████▉| 14470/14512 [2:31:40<00:26,  1.60it/s]
100%|█████████▉| 14471/14512 [2:31:40<00:25,  1.63it/s]
100%|█████████▉| 14472/14512 [2:31:41<00:26,  1.52it/s]
100%|█████████▉| 14473/14512 [2:31:42<00:24,  1.57it/s]
100%|█████████▉| 14474/14512 [2:31:42<00:23,  1.59it/s]
100%|█████████▉| 14475/14512 [2:31:43<00:23,  1.59it/s]
                                                       
{'loss': 2.3529, 'grad_norm': 0.9158234596252441, 'learning_rate': 1.7048344702730313e-09, 'epoch': 1.0}

100%|█████████▉| 14475/14512 [2:31:43<00:23,  1.59it/s]
100%|█████████▉| 14476/14512 [2:31:44<00:22,  1.61it/s]
100%|█████████▉| 14477/14512 [2:31:44<00:21,  1.63it/s]
100%|█████████▉| 14478/14512 [2:31:45<00:20,  1.65it/s]
100%|█████████▉| 14479/14512 [2:31:45<00:19,  1.66it/s]
100%|█████████▉| 14480/14512 [2:31:46<00:19,  1.67it/s]
100%|█████████▉| 14481/14512 [2:31:47<00:19,  1.56it/s]
100%|█████████▉| 14482/14512 [2:31:47<00:18,  1.58it/s]
100%|█████████▉| 14483/14512 [2:31:48<00:17,  1.62it/s]
100%|█████████▉| 14484/14512 [2:31:49<00:17,  1.63it/s]
100%|█████████▉| 14485/14512 [2:31:49<00:16,  1.65it/s]
100%|█████████▉| 14486/14512 [2:31:50<00:15,  1.66it/s]
100%|█████████▉| 14487/14512 [2:31:50<00:15,  1.66it/s]
100%|█████████▉| 14488/14512 [2:31:51<00:14,  1.67it/s]
100%|█████████▉| 14489/14512 [2:31:52<00:14,  1.56it/s]
100%|█████████▉| 14490/14512 [2:31:52<00:13,  1.60it/s]
                                                       
{'loss': 2.4642, 'grad_norm': 0.543947160243988, 'learning_rate': 6.027340503533818e-10, 'epoch': 1.0}

100%|█████████▉| 14490/14512 [2:31:52<00:13,  1.60it/s]
100%|█████████▉| 14491/14512 [2:31:53<00:13,  1.51it/s]
100%|█████████▉| 14492/14512 [2:31:54<00:12,  1.57it/s]
100%|█████████▉| 14493/14512 [2:31:54<00:11,  1.61it/s]
100%|█████████▉| 14494/14512 [2:31:55<00:11,  1.64it/s]
100%|█████████▉| 14495/14512 [2:31:55<00:10,  1.65it/s]
100%|█████████▉| 14496/14512 [2:31:56<00:09,  1.65it/s]
100%|█████████▉| 14497/14512 [2:31:57<00:09,  1.66it/s]
100%|█████████▉| 14498/14512 [2:31:57<00:08,  1.66it/s]
100%|█████████▉| 14499/14512 [2:31:58<00:07,  1.66it/s]
100%|█████████▉| 14500/14512 [2:31:58<00:07,  1.67it/s]
100%|█████████▉| 14501/14512 [2:31:59<00:07,  1.57it/s]
100%|█████████▉| 14502/14512 [2:32:00<00:06,  1.60it/s]
100%|█████████▉| 14503/14512 [2:32:00<00:05,  1.53it/s]
100%|█████████▉| 14504/14512 [2:32:01<00:05,  1.58it/s]
100%|█████████▉| 14505/14512 [2:32:02<00:04,  1.61it/s]
                                                       
{'loss': 2.3786, 'grad_norm': 0.6784293055534363, 'learning_rate': 6.102070619351529e-11, 'epoch': 1.0}

100%|█████████▉| 14505/14512 [2:32:02<00:04,  1.61it/s]
100%|█████████▉| 14506/14512 [2:32:02<00:03,  1.53it/s]
100%|█████████▉| 14507/14512 [2:32:03<00:03,  1.58it/s]
100%|█████████▉| 14508/14512 [2:32:03<00:02,  1.61it/s]
100%|█████████▉| 14509/14512 [2:32:04<00:01,  1.63it/s]
100%|█████████▉| 14510/14512 [2:32:05<00:01,  1.54it/s]
100%|█████████▉| 14511/14512 [2:32:05<00:00,  1.59it/s]
100%|██████████| 14512/14512 [2:32:08<00:00,  1.31s/it]Model weights saved to /data/esh/HSENet/Preprint/LaMed/output_new/stage3_1/checkpoint-14512
Trainer.tokenizer is now deprecated. You should use Trainer.processing_class instead.
Model weights saved to /data/esh/HSENet/Preprint/LaMed/output_new/stage3_1/checkpoint-14512
Trainer.tokenizer is now deprecated. You should use Trainer.processing_class instead.

                                                       
{'train_runtime': 9129.7896, 'train_samples_per_second': 12.716, 'train_steps_per_second': 1.59, 'train_loss': 2.4659890730956686, 'epoch': 1.0}

100%|██████████| 14512/14512 [2:32:09<00:00,  1.31s/it]
100%|██████████| 14512/14512 [2:32:09<00:00,  1.59it/s]
==================== Save model ====================
